make[1]: Entering directory `/afs/nada.kth.se/home/w/u1yxbcfw/activity-phd/projects/dynSyn11/dev/code/nest_module/build-module-100725'
test -z "/afs/nada.kth.se/home/w/u1yxbcfw/activity-phd/tools/NEST/dist/install-nest-2.2.1/lib/nest" || /bin/mkdir -p "/afs/nada.kth.se/home/w/u1yxbcfw/activity-phd/tools/NEST/dist/install-nest-2.2.1/lib/nest"
test -z "/afs/nada.kth.se/home/w/u1yxbcfw/activity-phd/tools/NEST/dist/install-nest-2.2.1/share/nest" || /bin/mkdir -p "/afs/nada.kth.se/home/w/u1yxbcfw/activity-phd/tools/NEST/dist/install-nest-2.2.1/share/nest"
 /bin/bash ./libtool   --mode=install /usr/bin/install -c   ml_module.la libml_module.la '/afs/nada.kth.se/home/w/u1yxbcfw/activity-phd/tools/NEST/dist/install-nest-2.2.1/lib/nest'
/bin/mkdir -p '/afs/nada.kth.se/home/w/u1yxbcfw/activity-phd/tools/NEST/dist/install-nest-2.2.1/share/nest/sli'
 /usr/bin/install -c -m 644  ../bootstrap-module-100725/sli/ml_module.sli '/afs/nada.kth.se/home/w/u1yxbcfw/activity-phd/tools/NEST/dist/install-nest-2.2.1/share/nest/sli'
/usr/bin/make  install-data-hook
libtool: install: /usr/bin/install -c .libs/ml_module.so.0.0.0 /afs/nada.kth.se/home/w/u1yxbcfw/activity-phd/tools/NEST/dist/install-nest-2.2.1/lib/nest/ml_module.so.0.0.0
make[2]: Entering directory `/afs/nada.kth.se/home/w/u1yxbcfw/activity-phd/projects/dynSyn11/dev/code/nest_module/build-module-100725'
NESTRCFILENAME=/dev/null /afs/nada.kth.se/home/w/u1yxbcfw/activity-phd/tools/NEST/dist/install-nest-2.2.1/bin/sli --userargs="/afs/nada.kth.se/home/w/u1yxbcfw/activity-phd/projects/dynSyn11/dev/code/nest_module/bootstrap-module-100725:/afs/nada.kth.se/home/w/u1yxbcfw/activity-phd/projects/dynSyn11/dev/code/nest_module/bootstrap-module-100725/sli" /afs/nada.kth.se/home/w/u1yxbcfw/activity-phd/tools/NEST/dist/install-nest-2.2.1/share/nest/sli/install-help.sli
test -z "/afs/nada.kth.se/home/w/u1yxbcfw/activity-phd/tools/NEST/dist/install-nest-2.2.1/lib/nest" || /bin/mkdir -p "/afs/nada.kth.se/home/w/u1yxbcfw/activity-phd/tools/NEST/dist/install-nest-2.2.1/lib/nest"
 /bin/bash ./libtool   --mode=install /usr/bin/install -c   ml_module.la libml_module.la '/afs/nada.kth.se/home/w/u1yxbcfw/activity-phd/tools/NEST/dist/install-nest-2.2.1/lib/nest'
libtool: install: (cd /afs/nada.kth.se/home/w/u1yxbcfw/activity-phd/tools/NEST/dist/install-nest-2.2.1/lib/nest && { ln -s -f ml_module.so.0.0.0 ml_module.so.0 || { rm -f ml_module.so.0 && ln -s ml_module.so.0.0.0 ml_module.so.0; }; })
libtool: install: (cd /afs/nada.kth.se/home/w/u1yxbcfw/activity-phd/tools/NEST/dist/install-nest-2.2.1/lib/nest && { ln -s -f ml_module.so.0.0.0 ml_module.so || { rm -f ml_module.so && ln -s ml_module.so.0.0.0 ml_module.so; }; })
libtool: install: /usr/bin/install -c .libs/ml_module.lai /afs/nada.kth.se/home/w/u1yxbcfw/activity-phd/tools/NEST/dist/install-nest-2.2.1/lib/nest/ml_module.la
libtool: install: /usr/bin/install -c .libs/libml_module.so.0.0.0 /afs/nada.kth.se/home/w/u1yxbcfw/activity-phd/tools/NEST/dist/install-nest-2.2.1/lib/nest/libml_module.so.0.0.0
libtool: install: /usr/bin/install -c .libs/ml_module.so.0.0.0 /afs/nada.kth.se/home/w/u1yxbcfw/activity-phd/tools/NEST/dist/install-nest-2.2.1/lib/nest/ml_module.so.0.0.0
libtool: install: (cd /afs/nada.kth.se/home/w/u1yxbcfw/activity-phd/tools/NEST/dist/install-nest-2.2.1/lib/nest && { ln -s -f libml_module.so.0.0.0 libml_module.so.0 || { rm -f libml_module.so.0 && ln -s libml_module.so.0.0.0 libml_module.so.0; }; })
libtool: install: (cd /afs/nada.kth.se/home/w/u1yxbcfw/activity-phd/tools/NEST/dist/install-nest-2.2.1/lib/nest && { ln -s -f libml_module.so.0.0.0 libml_module.so || { rm -f libml_module.so && ln -s libml_module.so.0.0.0 libml_module.so; }; })
libtool: install: /usr/bin/install -c .libs/libml_module.lai /afs/nada.kth.se/home/w/u1yxbcfw/activity-phd/tools/NEST/dist/install-nest-2.2.1/lib/nest/libml_module.la
SLI v2.2.1 (C) 2004 The NEST Initiative
Generating on-line help pages for NEST ...
libtool: install: /usr/bin/install -c .libs/ml_module.a /afs/nada.kth.se/home/w/u1yxbcfw/activity-phd/tools/NEST/dist/install-nest-2.2.1/lib/nest/ml_module.a

Apr 18 10:35:54 :makeallhelp [Info]: 
    Processing directory 
    /afs/nada.kth.se/home/w/u1yxbcfw/activity-phd/projects/dynSyn11/dev/code/nest_module/bootstrap-module-100725
libtool: install: (cd /afs/nada.kth.se/home/w/u1yxbcfw/activity-phd/tools/NEST/dist/install-nest-2.2.1/lib/nest && { ln -s -f ml_module.so.0.0.0 ml_module.so.0 || { rm -f ml_module.so.0 && ln -s ml_module.so.0.0.0 ml_module.so.0; }; })
libtool: install: (cd /afs/nada.kth.se/home/w/u1yxbcfw/activity-phd/tools/NEST/dist/install-nest-2.2.1/lib/nest && { ln -s -f ml_module.so.0.0.0 ml_module.so || { rm -f ml_module.so && ln -s ml_module.so.0.0.0 ml_module.so; }; })
libtool: install: /usr/bin/install -c .libs/ml_module.lai /afs/nada.kth.se/home/w/u1yxbcfw/activity-phd/tools/NEST/dist/install-nest-2.2.1/lib/nest/ml_module.la
libtool: install: /usr/bin/install -c .libs/libml_module.so.0.0.0 /afs/nada.kth.se/home/w/u1yxbcfw/activity-phd/tools/NEST/dist/install-nest-2.2.1/lib/nest/libml_module.so.0.0.0
libtool: install: (cd /afs/nada.kth.se/home/w/u1yxbcfw/activity-phd/tools/NEST/dist/install-nest-2.2.1/lib/nest && { ln -s -f libml_module.so.0.0.0 libml_module.so.0 || { rm -f libml_module.so.0 && ln -s libml_module.so.0.0.0 libml_module.so.0; }; })
libtool: install: (cd /afs/nada.kth.se/home/w/u1yxbcfw/activity-phd/tools/NEST/dist/install-nest-2.2.1/lib/nest && { ln -s -f libml_module.so.0.0.0 libml_module.so || { rm -f libml_module.so && ln -s libml_module.so.0.0.0 libml_module.so; }; })
libtool: install: /usr/bin/install -c .libs/libml_module.lai /afs/nada.kth.se/home/w/u1yxbcfw/activity-phd/tools/NEST/dist/install-nest-2.2.1/lib/nest/libml_module.la
libtool: install: /usr/bin/install -c .libs/ml_module.a /afs/nada.kth.se/home/w/u1yxbcfw/activity-phd/tools/NEST/dist/install-nest-2.2.1/lib/nest/ml_module.a

Apr 18 10:35:54 :makeallhelp [Info]: 
    Processing directory 
    /afs/nada.kth.se/home/w/u1yxbcfw/activity-phd/projects/dynSyn11/dev/code/nest_module/bootstrap-module-100725/sli
libtool: install: chmod 644 /afs/nada.kth.se/home/w/u1yxbcfw/activity-phd/tools/NEST/dist/install-nest-2.2.1/lib/nest/ml_module.a
libtool: install: ranlib /afs/nada.kth.se/home/w/u1yxbcfw/activity-phd/tools/NEST/dist/install-nest-2.2.1/lib/nest/ml_module.a
libtool: install: chmod 644 /afs/nada.kth.se/home/w/u1yxbcfw/activity-phd/tools/NEST/dist/install-nest-2.2.1/lib/nest/ml_module.a
libtool: install: ranlib /afs/nada.kth.se/home/w/u1yxbcfw/activity-phd/tools/NEST/dist/install-nest-2.2.1/lib/nest/ml_module.a
libtool: install: /usr/bin/install -c .libs/libml_module.a /afs/nada.kth.se/home/w/u1yxbcfw/activity-phd/tools/NEST/dist/install-nest-2.2.1/lib/nest/libml_module.a
libtool: install: /usr/bin/install -c .libs/libml_module.a /afs/nada.kth.se/home/w/u1yxbcfw/activity-phd/tools/NEST/dist/install-nest-2.2.1/lib/nest/libml_module.a
libtool: install: chmod 644 /afs/nada.kth.se/home/w/u1yxbcfw/activity-phd/tools/NEST/dist/install-nest-2.2.1/lib/nest/libml_module.a
libtool: install: chmod 644 /afs/nada.kth.se/home/w/u1yxbcfw/activity-phd/tools/NEST/dist/install-nest-2.2.1/lib/nest/libml_module.a
libtool: install: ranlib /afs/nada.kth.se/home/w/u1yxbcfw/activity-phd/tools/NEST/dist/install-nest-2.2.1/lib/nest/libml_module.a
libtool: install: ranlib /afs/nada.kth.se/home/w/u1yxbcfw/activity-phd/tools/NEST/dist/install-nest-2.2.1/lib/nest/libml_module.a
libtool: finish: PATH="/usr/local/sbin:/usr/local/bin:/usr/sbin:/usr/bin:/sbin:/bin:/sbin" ldconfig -n /afs/nada.kth.se/home/w/u1yxbcfw/activity-phd/tools/NEST/dist/install-nest-2.2.1/lib/nest
----------------------------------------------------------------------
Libraries have been installed in:
   /afs/nada.kth.se/home/w/u1yxbcfw/activity-phd/tools/NEST/dist/install-nest-2.2.1/lib/nest

If you ever happen to want to link against installed libraries
in a given directory, LIBDIR, you must either use libtool, and
specify the full pathname of the library, or use the `-LLIBDIR'
flag during linking and do at least one of the following:
   - add LIBDIR to the `LD_LIBRARY_PATH' environment variable
     during execution
   - add LIBDIR to the `LD_RUN_PATH' environment variable
     during linking
   - use the `-Wl,-rpath -Wl,LIBDIR' linker flag
   - have your system administrator add LIBDIR to `/etc/ld.so.conf'

See any operating system documentation about shared libraries for
more information, such as the ld(1) and ld.so(8) manual pages.
----------------------------------------------------------------------
libtool: finish: PATH="/usr/local/sbin:/usr/local/bin:/usr/sbin:/usr/bin:/sbin:/bin:/sbin" ldconfig -n /afs/nada.kth.se/home/w/u1yxbcfw/activity-phd/tools/NEST/dist/install-nest-2.2.1/lib/nest
----------------------------------------------------------------------
Libraries have been installed in:
   /afs/nada.kth.se/home/w/u1yxbcfw/activity-phd/tools/NEST/dist/install-nest-2.2.1/lib/nest

If you ever happen to want to link against installed libraries
in a given directory, LIBDIR, you must either use libtool, and
specify the full pathname of the library, or use the `-LLIBDIR'
flag during linking and do at least one of the following:
   - add LIBDIR to the `LD_LIBRARY_PATH' environment variable
     during execution
   - add LIBDIR to the `LD_RUN_PATH' environment variable
     during linking
   - use the `-Wl,-rpath -Wl,LIBDIR' linker flag
   - have your system administrator add LIBDIR to `/etc/ld.so.conf'

See any operating system documentation about shared libraries for
more information, such as the ld(1) and ld.so(8) manual pages.
----------------------------------------------------------------------
Done.
make[2]: Leaving directory `/afs/nada.kth.se/home/w/u1yxbcfw/activity-phd/projects/dynSyn11/dev/code/nest_module/build-module-100725'
make[1]: Leaving directory `/afs/nada.kth.se/home/w/u1yxbcfw/activity-phd/projects/dynSyn11/dev/code/nest_module/build-module-100725'
