Bootstrapping MyModule
  -> Removing old automake cache ...
  -> Running aclocal ...
  -> Running libtoolize ...
libtoolize: putting auxiliary files in AC_CONFIG_AUX_DIR, `.'.
libtoolize: copying file `./ltmain.sh'
libtoolize: putting auxiliary files in `.'.
libtoolize: copying file `libltdl/config/compile'
libtoolize: copying file `libltdl/config/config.guess'
libtoolize: copying file `libltdl/config/config.sub'
libtoolize: copying file `libltdl/config/depcomp'
libtoolize: copying file `libltdl/config/install-sh'
libtoolize: copying file `libltdl/config/missing'
libtoolize: copying file `libltdl/config/ltmain.sh'
libtoolize: putting macros in `libltdl/m4'.
libtoolize: copying file `libltdl/m4/argz.m4'
libtoolize: copying file `libltdl/m4/libtool.m4'
libtoolize: copying file `libltdl/m4/ltdl.m4'
libtoolize: copying file `libltdl/m4/ltoptions.m4'
libtoolize: copying file `libltdl/m4/ltsugar.m4'
libtoolize: copying file `libltdl/m4/ltversion.m4'
libtoolize: copying file `libltdl/m4/lt~obsolete.m4'
libtoolize: putting libltdl files in `libltdl'.
libtoolize: copying file `libltdl/COPYING.LIB'
libtoolize: copying file `libltdl/README'
libtoolize: copying file `libltdl/Makefile.am'
libtoolize: copying file `libltdl/configure.ac'
libtoolize: copying file `libltdl/aclocal.m4'
libtoolize: copying file `libltdl/Makefile.in'
libtoolize: copying file `libltdl/config-h.in'
libtoolize: copying file `libltdl/configure'
libtoolize: copying file `libltdl/argz_.h'
libtoolize: copying file `libltdl/argz.c'
libtoolize: copying file `libltdl/loaders/dld_link.c'
libtoolize: copying file `libltdl/loaders/dlopen.c'
libtoolize: copying file `libltdl/loaders/dyld.c'
libtoolize: copying file `libltdl/loaders/load_add_on.c'
libtoolize: copying file `libltdl/loaders/loadlibrary.c'
libtoolize: copying file `libltdl/loaders/shl_load.c'
libtoolize: copying file `libltdl/lt__dirent.c'
libtoolize: copying file `libltdl/lt__strl.c'
libtoolize: copying file `libltdl/libltdl/lt__alloc.h'
libtoolize: copying file `libltdl/libltdl/lt__dirent.h'
libtoolize: copying file `libltdl/libltdl/lt__glibc.h'
libtoolize: copying file `libltdl/libltdl/lt__private.h'
libtoolize: copying file `libltdl/libltdl/lt__strl.h'
libtoolize: copying file `libltdl/libltdl/lt_dlloader.h'
libtoolize: copying file `libltdl/libltdl/lt_error.h'
libtoolize: copying file `libltdl/libltdl/lt_system.h'
libtoolize: copying file `libltdl/libltdl/slist.h'
libtoolize: copying file `libltdl/loaders/preopen.c'
libtoolize: copying file `libltdl/lt__alloc.c'
libtoolize: copying file `libltdl/lt_dlloader.c'
libtoolize: copying file `libltdl/lt_error.c'
libtoolize: copying file `libltdl/ltdl.c'
libtoolize: copying file `libltdl/ltdl.h'
libtoolize: copying file `libltdl/slist.c'
libtoolize: You should add the contents of the following files to `aclocal.m4':
libtoolize:   `libltdl/m4/argz.m4'
libtoolize: or else add `AC_CONFIG_MACRO_DIR([libltdl/m4])' to configure.ac.
libtoolize: Remember to add `LTDL_INIT' to configure.ac.
libtoolize: Remember to add `LT_CONFIG_LTDL_DIR([libltdl])' to `configure.ac'.
libtoolize: Consider using `AC_CONFIG_AUX_DIR([libltdl/config])' in configure.ac.
libtoolize: Consider adding `-I m4' to ACLOCAL_AMFLAGS in Makefile.am.
  -> Re-running aclocal ...
  -> Running autoconf ...
  -> Running autoheader ...
  -> Running automake ...
Makefile.am:29: whitespace following trailing backslash
Makefile.am:33: whitespace following trailing backslash
Makefile.am:34: whitespace following trailing backslash
Makefile.am:35: whitespace following trailing backslash
Done.
